<?xml version="1.0" encoding="UTF-8"?>
<!-- Generated by org.testng.reporters.JUnitReportReporter -->
<testsuite skipped="0" hostname="LAPTOP-KGL5HQ6S" name="com.syntax.test.TestNGtest" tests="1" failures="0" timestamp="2020-05-23T04:39:52 EDT" time="0.013" errors="0">
  <testcase name="hello" time="0.013" classname="com.syntax.test.TestNGtest"/>
  <system-out/>
</testsuite> <!-- com.syntax.test.TestNGtest -->
